<?xml version="1.0" encoding="UTF-8"?>
<testsuite name="JPA연결 테스트" tests="1" skipped="0" failures="0" errors="0" timestamp="2024-01-31T04:46:37" hostname="DESKTOP-7NJ7FQQ" time="0.75">
  <properties/>
  <testcase name="삭제테스트" classname="com.fastcampus.board.repository.ArticleRepositoryTest" time="0.75"/>
  <system-out><![CDATA[13:46:35.060 [Test worker] INFO org.springframework.test.context.support.AnnotationConfigContextLoaderUtils -- Could not detect default configuration classes for test class [com.fastcampus.board.repository.ArticleRepositoryTest]: ArticleRepositoryTest does not declare any static, non-private, non-final, nested classes annotated with @Configuration.
13:46:35.152 [Test worker] INFO org.springframework.boot.test.context.SpringBootTestContextBootstrapper -- Found @SpringBootConfiguration com.fastcampus.board.BoardApplication for test class com.fastcampus.board.repository.ArticleRepositoryTest

  .   ____          _            __ _ _
 /\\ / ___'_ __ _ _(_)_ __  __ _ \ \ \ \
( ( )\___ | '_ | '_| | '_ \/ _` | \ \ \ \
 \\/  ___)| |_)| | | | | || (_| |  ) ) ) )
  '  |____| .__|_| |_|_| |_\__, | / / / /
 =========|_|==============|___/=/_/_/_/
 :: Spring Boot ::                (v3.2.2)

2024-01-31T13:46:35.488+09:00  INFO 30908 --- [    Test worker] c.f.b.repository.ArticleRepositoryTest   : Starting ArticleRepositoryTest using Java 17.0.8 with PID 30908 (started by gurwl in C:\workspace\fastcampus-project-board\board)
2024-01-31T13:46:35.489+09:00 DEBUG 30908 --- [    Test worker] c.f.b.repository.ArticleRepositoryTest   : Running with Spring Boot v3.2.2, Spring v6.1.3
2024-01-31T13:46:35.489+09:00  INFO 30908 --- [    Test worker] c.f.b.repository.ArticleRepositoryTest   : No active profile set, falling back to 1 default profile: "default"
2024-01-31T13:46:35.792+09:00  INFO 30908 --- [    Test worker] .s.d.r.c.RepositoryConfigurationDelegate : Bootstrapping Spring Data JPA repositories in DEFAULT mode.
2024-01-31T13:46:35.833+09:00  INFO 30908 --- [    Test worker] .s.d.r.c.RepositoryConfigurationDelegate : Finished Spring Data repository scanning in 35 ms. Found 2 JPA repository interfaces.
2024-01-31T13:46:35.871+09:00  INFO 30908 --- [    Test worker] beddedDataSourceBeanFactoryPostProcessor : Replacing 'dataSource' DataSource bean with embedded version
2024-01-31T13:46:35.998+09:00  INFO 30908 --- [    Test worker] o.s.j.d.e.EmbeddedDatabaseFactory        : Starting embedded database: url='jdbc:h2:mem:baad3e10-d413-4682-a4e1-a0d94cf5a940;DB_CLOSE_DELAY=-1;DB_CLOSE_ON_EXIT=false', username='sa'
2024-01-31T13:46:36.198+09:00  INFO 30908 --- [    Test worker] o.hibernate.jpa.internal.util.LogHelper  : HHH000204: Processing PersistenceUnitInfo [name: default]
2024-01-31T13:46:36.249+09:00  INFO 30908 --- [    Test worker] org.hibernate.Version                    : HHH000412: Hibernate ORM core version 6.4.1.Final
2024-01-31T13:46:36.282+09:00  INFO 30908 --- [    Test worker] o.h.c.internal.RegionFactoryInitiator    : HHH000026: Second-level cache disabled
2024-01-31T13:46:36.483+09:00  INFO 30908 --- [    Test worker] o.s.o.j.p.SpringPersistenceUnitInfo      : No LoadTimeWeaver setup: ignoring JPA class transformer
2024-01-31T13:46:37.313+09:00  INFO 30908 --- [    Test worker] o.h.e.t.j.p.i.JtaPlatformInitiator       : HHH000489: No JTA platform available (set 'hibernate.transaction.jta.platform' to enable JTA platform integration)
Hibernate: 
    create table article (
        id bigint generated by default as identity,
        content varchar(10000) not null,
        created_at timestamp(6) not null,
        created_by varchar(100) not null,
        hashtag varchar(255),
        modified_at timestamp(6) not null,
        modified_by varchar(100) not null,
        title varchar(255) not null,
        primary key (id)
    )
Hibernate: 
    create table article_comment (
        id bigint generated by default as identity,
        content varchar(500) not null,
        created_at timestamp(6) not null,
        created_by varchar(100) not null,
        modified_at timestamp(6) not null,
        modified_by varchar(100) not null,
        article_id bigint not null,
        primary key (id)
    )
Hibernate: 
    create index IDX571gx7oqo5xpmgocegaidlcu9 
       on article (title)
Hibernate: 
    create index IDXai44fu6vaa28ebpydglnv7t3e 
       on article (hashtag)
Hibernate: 
    create index IDXrmt77yibijtk4sarremr67saa 
       on article (created_at)
Hibernate: 
    create index IDXjl4utii2etiocimt799wvtuvv 
       on article (created_by)
Hibernate: 
    create index IDXpieqqnljv147sefofs56h25qx 
       on article_comment (content)
Hibernate: 
    create index IDXh1jx107qecntcbcpc2vfb07ij 
       on article_comment (created_at)
Hibernate: 
    create index IDXc6pa61djuf2o8xnceyyvtdbaq 
       on article_comment (created_by)
Hibernate: 
    alter table if exists article_comment 
       add constraint FKghmocqkgqs5tkmucf5putw64t 
       foreign key (article_id) 
       references article
2024-01-31T13:46:37.363+09:00  INFO 30908 --- [    Test worker] j.LocalContainerEntityManagerFactoryBean : Initialized JPA EntityManagerFactory for persistence unit 'default'
2024-01-31T13:46:37.926+09:00  INFO 30908 --- [    Test worker] c.f.b.repository.ArticleRepositoryTest   : Started ArticleRepositoryTest in 2.712 seconds (process running for 3.578)
Hibernate: 
    select
        a1_0.id,
        a1_0.content,
        a1_0.created_at,
        a1_0.created_by,
        a1_0.hashtag,
        a1_0.modified_at,
        a1_0.modified_by,
        a1_0.title 
    from
        article a1_0 
    where
        a1_0.id=?
Hibernate: 
    select
        count(*) 
    from
        article a1_0
Hibernate: 
    select
        count(*) 
    from
        article_comment ac1_0
Hibernate: 
    select
        ac1_0.article_id,
        ac1_0.id,
        ac1_0.content,
        ac1_0.created_at,
        ac1_0.created_by,
        ac1_0.modified_at,
        ac1_0.modified_by 
    from
        article_comment ac1_0 
    where
        ac1_0.article_id=? 
    order by
        ac1_0.created_at desc
Hibernate: 
    delete 
    from
        article_comment 
    where
        id=?
Hibernate: 
    delete 
    from
        article 
    where
        id=?
Hibernate: 
    select
        count(*) 
    from
        article a1_0
Hibernate: 
    select
        count(*) 
    from
        article_comment ac1_0
]]></system-out>
  <system-err><![CDATA[]]></system-err>
</testsuite>
